{"sessionId":"cf57c7","hypothesisId":"DG","location":"OverlayWindow.cs:UpdateShopItems","message":"update_shop_items","data":{"poolKeys":[],"nowTrackedKeys":["\u9690\u73B0","\u6DF1\u5DE1"],"toRemove":[],"canvasChildCount":0},"timestamp":1774710967357}
{"sessionId":"cf57c7","hypothesisId":"DG","location":"OverlayWindow.cs:UpdateShopItems","message":"update_shop_items","data":{"poolKeys":["\u9690\u73B0","\u6DF1\u5DE1"],"nowTrackedKeys":["\u9690\u73B0"],"toRemove":["\u6DF1\u5DE1"],"canvasChildCount":2},"timestamp":1774710981534}
{"sessionId":"cf57c7","hypothesisId":"FG","location":"OverlayWindow.cs:FadeOutAndRemove","message":"fade_out","data":{"name":"\u6DF1\u5DE1","canvasChildCount":2,"inCanvas":true},"timestamp":1774710981535}
{"sessionId":"cf57c7","hypothesisId":"F","location":"OverlayWindow.cs:FadeOutAndRemove.Completed","message":"canvas_remove","data":{"name":"\u6DF1\u5DE1","canvasAfter":1},"timestamp":1774710981707}
{"sessionId":"cf57c7","hypothesisId":"DG","location":"OverlayWindow.cs:UpdateShopItems","message":"update_shop_items","data":{"poolKeys":["\u9690\u73B0"],"nowTrackedKeys":["\u9690\u73B0","\u6DF1\u5DE1"],"toRemove":[],"canvasChildCount":1},"timestamp":1774710982497}
{"sessionId":"cf57c7","hypothesisId":"DG","location":"OverlayWindow.cs:UpdateShopItems","message":"update_shop_items","data":{"poolKeys":["\u9690\u73B0","\u6DF1\u5DE1"],"nowTrackedKeys":["\u9690\u73B0"],"toRemove":["\u6DF1\u5DE1"],"canvasChildCount":2},"timestamp":1774710983347}
{"sessionId":"cf57c7","hypothesisId":"FG","location":"OverlayWindow.cs:FadeOutAndRemove","message":"fade_out","data":{"name":"\u6DF1\u5DE1","canvasChildCount":2,"inCanvas":true},"timestamp":1774710983348}
{"sessionId":"cf57c7","hypothesisId":"F","location":"OverlayWindow.cs:FadeOutAndRemove.Completed","message":"canvas_remove","data":{"name":"\u6DF1\u5DE1","canvasAfter":1},"timestamp":1774710983520}
{"sessionId":"cf57c7","hypothesisId":"DG","location":"OverlayWindow.cs:UpdateShopItems","message":"update_shop_items","data":{"poolKeys":[],"nowTrackedKeys":["\u9690\u73B0","\u6DF1\u5DE1"],"toRemove":[],"canvasChildCount":0},"timestamp":1774711185206}
{"sessionId":"cf57c7","hypothesisId":"DG","location":"OverlayWindow.cs:UpdateShopItems","message":"update_shop_items","data":{"poolKeys":["\u9690\u73B0","\u6DF1\u5DE1"],"nowTrackedKeys":["\u9690\u73B0"],"toRemove":["\u6DF1\u5DE1"],"canvasChildCount":2},"timestamp":1774711187098}
{"sessionId":"cf57c7","hypothesisId":"FG","location":"OverlayWindow.cs:FadeOutAndRemove","message":"fade_out","data":{"name":"\u6DF1\u5DE1","canvasChildCount":2,"inCanvas":true},"timestamp":1774711187099}
{"sessionId":"cf57c7","hypothesisId":"F","location":"OverlayWindow.cs:FadeOutAndRemove.Completed","message":"canvas_remove","data":{"name":"\u6DF1\u5DE1","canvasAfter":1},"timestamp":1774711187281}
{"sessionId":"cf57c7","hypothesisId":"DG","location":"OverlayWindow.cs:UpdateShopItems","message":"update_shop_items","data":{"poolKeys":["\u9690\u73B0"],"nowTrackedKeys":["\u9690\u73B0","\u6DF1\u5DE1"],"toRemove":[],"canvasChildCount":1},"timestamp":1774711191406}
{"sessionId":"cf57c7","hypothesisId":"DG","location":"OverlayWindow.cs:UpdateShopItems","message":"update_shop_items","data":{"poolKeys":["\u9690\u73B0","\u6DF1\u5DE1"],"nowTrackedKeys":["\u9690\u73B0"],"toRemove":["\u6DF1\u5DE1"],"canvasChildCount":2},"timestamp":1774711197729}
{"sessionId":"cf57c7","hypothesisId":"FG","location":"OverlayWindow.cs:FadeOutAndRemove","message":"fade_out","data":{"name":"\u6DF1\u5DE1","canvasChildCount":2,"inCanvas":true},"timestamp":1774711197729}
{"sessionId":"cf57c7","hypothesisId":"F","location":"OverlayWindow.cs:FadeOutAndRemove.Completed","message":"canvas_remove","data":{"name":"\u6DF1\u5DE1","canvasAfter":1},"timestamp":1774711197892}
{"sessionId":"cf57c7","hypothesisId":"DG","location":"OverlayWindow.cs:UpdateShopItems","message":"update_shop_items","data":{"poolKeys":["\u9690\u73B0"],"nowTrackedKeys":["\u9690\u73B0","\u6DF1\u5DE1"],"toRemove":[],"canvasChildCount":1},"timestamp":1774711200355}
{"sessionId":"cf57c7","hypothesisId":"DG","location":"OverlayWindow.cs:UpdateShopItems","message":"update_shop_items","data":{"poolKeys":["\u9690\u73B0","\u6DF1\u5DE1"],"nowTrackedKeys":["\u9690\u73B0"],"toRemove":["\u6DF1\u5DE1"],"canvasChildCount":2},"timestamp":1774711202530}
{"sessionId":"cf57c7","hypothesisId":"FG","location":"OverlayWindow.cs:FadeOutAndRemove","message":"fade_out","data":{"name":"\u6DF1\u5DE1","canvasChildCount":2,"inCanvas":true},"timestamp":1774711202530}
{"sessionId":"cf57c7","hypothesisId":"F","location":"OverlayWindow.cs:FadeOutAndRemove.Completed","message":"canvas_remove","data":{"name":"\u6DF1\u5DE1","canvasAfter":1},"timestamp":1774711202720}
{"sessionId":"cf57c7","hypothesisId":"DG","location":"OverlayWindow.cs:UpdateShopItems","message":"update_shop_items","data":{"poolKeys":["\u9690\u73B0"],"nowTrackedKeys":["\u9690\u73B0","\u6DF1\u5DE1"],"toRemove":[],"canvasChildCount":1},"timestamp":1774711203050}
{"sessionId":"cf57c7","hypothesisId":"DG","location":"OverlayWindow.cs:UpdateShopItems","message":"update_shop_items","data":{"poolKeys":["\u9690\u73B0","\u6DF1\u5DE1"],"nowTrackedKeys":[],"toRemove":["\u9690\u73B0","\u6DF1\u5DE1"],"canvasChildCount":2},"timestamp":1774711206550}
{"sessionId":"cf57c7","hypothesisId":"FG","location":"OverlayWindow.cs:FadeOutAndRemove","message":"fade_out","data":{"name":"\u9690\u73B0","canvasChildCount":2,"inCanvas":true},"timestamp":1774711206550}
{"sessionId":"cf57c7","hypothesisId":"FG","location":"OverlayWindow.cs:FadeOutAndRemove","message":"fade_out","data":{"name":"\u6DF1\u5DE1","canvasChildCount":2,"inCanvas":true},"timestamp":1774711206550}
{"sessionId":"cf57c7","hypothesisId":"F","location":"OverlayWindow.cs:FadeOutAndRemove.Completed","message":"canvas_remove","data":{"name":"\u9690\u73B0","canvasAfter":1},"timestamp":1774711206735}
{"sessionId":"cf57c7","hypothesisId":"F","location":"OverlayWindow.cs:FadeOutAndRemove.Completed","message":"canvas_remove","data":{"name":"\u6DF1\u5DE1","canvasAfter":0},"timestamp":1774711206736}
{"sessionId":"cf57c7","hypothesisId":"DG","location":"OverlayWindow.cs:UpdateShopItems","message":"update_shop_items","data":{"poolKeys":[],"nowTrackedKeys":["\u6DF1\u5DE1","\u9690\u73B0"],"toRemove":[],"canvasChildCount":0},"timestamp":1774711219759}
{"sessionId":"cf57c7","hypothesisId":"DG","location":"OverlayWindow.cs:UpdateShopItems","message":"update_shop_items","data":{"poolKeys":["\u9690\u73B0","\u6DF1\u5DE1"],"nowTrackedKeys":[],"toRemove":["\u9690\u73B0","\u6DF1\u5DE1"],"canvasChildCount":2},"timestamp":1774711222546}
{"sessionId":"cf57c7","hypothesisId":"FG","location":"OverlayWindow.cs:FadeOutAndRemove","message":"fade_out","data":{"name":"\u9690\u73B0","canvasChildCount":2,"inCanvas":true},"timestamp":1774711222546}
{"sessionId":"cf57c7","hypothesisId":"FG","location":"OverlayWindow.cs:FadeOutAndRemove","message":"fade_out","data":{"name":"\u6DF1\u5DE1","canvasChildCount":2,"inCanvas":true},"timestamp":1774711222547}
{"sessionId":"cf57c7","hypothesisId":"F","location":"OverlayWindow.cs:FadeOutAndRemove.Completed","message":"canvas_remove","data":{"name":"\u9690\u73B0","canvasAfter":1},"timestamp":1774711222735}
{"sessionId":"cf57c7","hypothesisId":"F","location":"OverlayWindow.cs:FadeOutAndRemove.Completed","message":"canvas_remove","data":{"name":"\u6DF1\u5DE1","canvasAfter":0},"timestamp":1774711222735}
{"sessionId":"cf57c7","hypothesisId":"DG","location":"OverlayWindow.cs:UpdateShopItems","message":"update_shop_items","data":{"poolKeys":[],"nowTrackedKeys":["\u9690\u73B0","\u6DF1\u5DE1"],"toRemove":[],"canvasChildCount":0},"timestamp":1774711413823}
{"sessionId":"cf57c7","hypothesisId":"DG","location":"OverlayWindow.cs:UpdateShopItems","message":"update_shop_items","data":{"poolKeys":["\u9690\u73B0","\u6DF1\u5DE1"],"nowTrackedKeys":[],"toRemove":["\u9690\u73B0","\u6DF1\u5DE1"],"canvasChildCount":2},"timestamp":1774711421574}
{"sessionId":"cf57c7","hypothesisId":"FG","location":"OverlayWindow.cs:FadeOutAndRemove","message":"fade_out","data":{"name":"\u9690\u73B0","canvasChildCount":2,"inCanvas":true},"timestamp":1774711421575}
{"sessionId":"cf57c7","hypothesisId":"FG","location":"OverlayWindow.cs:FadeOutAndRemove","message":"fade_out","data":{"name":"\u6DF1\u5DE1","canvasChildCount":2,"inCanvas":true},"timestamp":1774711421579}
{"sessionId":"cf57c7","hypothesisId":"F","location":"OverlayWindow.cs:FadeOutAndRemove.Completed","message":"canvas_remove","data":{"name":"\u9690\u73B0","canvasAfter":1},"timestamp":1774711421781}
{"sessionId":"cf57c7","hypothesisId":"F","location":"OverlayWindow.cs:FadeOutAndRemove.Completed","message":"canvas_remove","data":{"name":"\u6DF1\u5DE1","canvasAfter":0},"timestamp":1774711421783}
{"sessionId":"cf57c7","hypothesisId":"DG","location":"OverlayWindow.cs:UpdateShopItems","message":"update_shop_items","data":{"poolKeys":[],"nowTrackedKeys":["\u6DF1\u5DE1","\u9690\u73B0"],"toRemove":[],"canvasChildCount":0},"timestamp":1774711424327}
{"sessionId":"cf57c7","hypothesisId":"DG","location":"OverlayWindow.cs:UpdateShopItems","message":"update_shop_items","data":{"poolKeys":["\u9690\u73B0","\u6DF1\u5DE1"],"nowTrackedKeys":[],"toRemove":["\u9690\u73B0","\u6DF1\u5DE1"],"canvasChildCount":2},"timestamp":1774711457778}
{"sessionId":"cf57c7","hypothesisId":"FG","location":"OverlayWindow.cs:FadeOutAndRemove","message":"fade_out","data":{"name":"\u9690\u73B0","canvasChildCount":2,"inCanvas":true},"timestamp":1774711457778}
{"sessionId":"cf57c7","hypothesisId":"FG","location":"OverlayWindow.cs:FadeOutAndRemove","message":"fade_out","data":{"name":"\u6DF1\u5DE1","canvasChildCount":2,"inCanvas":true},"timestamp":1774711457779}
{"sessionId":"cf57c7","hypothesisId":"F","location":"OverlayWindow.cs:FadeOutAndRemove.Completed","message":"canvas_remove","data":{"name":"\u9690\u73B0","canvasAfter":1},"timestamp":1774711457990}
{"sessionId":"cf57c7","hypothesisId":"F","location":"OverlayWindow.cs:FadeOutAndRemove.Completed","message":"canvas_remove","data":{"name":"\u6DF1\u5DE1","canvasAfter":0},"timestamp":1774711457990}
{"sessionId":"cf57c7","hypothesisId":"DG","location":"OverlayWindow.cs:UpdateShopItems","message":"update_shop_items","data":{"poolKeys":[],"nowTrackedKeys":["\u6DF1\u5DE1","\u9690\u73B0"],"toRemove":[],"canvasChildCount":0},"timestamp":1774711466558}
