{"sessionId":"0aa719","timestamp":1774834843537,"location":"TrackingViewModel.cs:RemoveTracking","message":"RemoveTracking called","data":{"name":"\u91CE\u9B03"},"hypothesisId":"B"}
{"sessionId":"0aa719","timestamp":1774834843542,"location":"OperatorBrowseView.xaml.cs:RefreshTrackingStates","message":"Refreshing card","data":{"opName":"\u9690\u73B0","newIsTracked":true},"hypothesisId":"B","runId":"post-fix"}
{"sessionId":"0aa719","timestamp":1774834843545,"location":"OperatorBrowseView.xaml.cs:RefreshTrackingStates","message":"Refreshing card","data":{"opName":"\u89D2\u5CF0","newIsTracked":true},"hypothesisId":"B","runId":"post-fix"}
{"sessionId":"0aa719","timestamp":1774834843546,"location":"OperatorBrowseView.xaml.cs:RefreshTrackingStates","message":"Refreshing card","data":{"opName":"\u60CA\u86F0","newIsTracked":true},"hypothesisId":"B","runId":"post-fix"}
{"sessionId":"0aa719","timestamp":1774834843546,"location":"OperatorBrowseView.xaml.cs:RefreshTrackingStates","message":"Refreshing card","data":{"opName":"\u6DF1\u5DE1","newIsTracked":true},"hypothesisId":"B","runId":"post-fix"}
{"sessionId":"0aa719","timestamp":1774834843547,"location":"OperatorBrowseView.xaml.cs:RefreshTrackingStates","message":"Refreshing card","data":{"opName":"\u523A\u73AB","newIsTracked":true},"hypothesisId":"B","runId":"post-fix"}
{"sessionId":"0aa719","timestamp":1774834843933,"location":"TrackingViewModel.cs:RemoveTracking","message":"RemoveTracking called","data":{"name":"\u8DC3\u8DC3"},"hypothesisId":"B"}
{"sessionId":"0aa719","timestamp":1774834843933,"location":"OperatorBrowseView.xaml.cs:RefreshTrackingStates","message":"Refreshing card","data":{"opName":"\u9690\u73B0","newIsTracked":true},"hypothesisId":"B","runId":"post-fix"}
{"sessionId":"0aa719","timestamp":1774834843934,"location":"OperatorBrowseView.xaml.cs:RefreshTrackingStates","message":"Refreshing card","data":{"opName":"\u89D2\u5CF0","newIsTracked":true},"hypothesisId":"B","runId":"post-fix"}
{"sessionId":"0aa719","timestamp":1774834843934,"location":"OperatorBrowseView.xaml.cs:RefreshTrackingStates","message":"Refreshing card","data":{"opName":"\u60CA\u86F0","newIsTracked":true},"hypothesisId":"B","runId":"post-fix"}
{"sessionId":"0aa719","timestamp":1774834843934,"location":"OperatorBrowseView.xaml.cs:RefreshTrackingStates","message":"Refreshing card","data":{"opName":"\u6DF1\u5DE1","newIsTracked":true},"hypothesisId":"B","runId":"post-fix"}
{"sessionId":"0aa719","timestamp":1774834843934,"location":"OperatorBrowseView.xaml.cs:RefreshTrackingStates","message":"Refreshing card","data":{"opName":"\u523A\u73AB","newIsTracked":true},"hypothesisId":"B","runId":"post-fix"}
{"sessionId":"0aa719","timestamp":1774834844218,"location":"TrackingViewModel.cs:RemoveTracking","message":"RemoveTracking called","data":{"name":"\u6DF1\u975B"},"hypothesisId":"B"}
{"sessionId":"0aa719","timestamp":1774834844219,"location":"OperatorBrowseView.xaml.cs:RefreshTrackingStates","message":"Refreshing card","data":{"opName":"\u9690\u73B0","newIsTracked":true},"hypothesisId":"B","runId":"post-fix"}
{"sessionId":"0aa719","timestamp":1774834844219,"location":"OperatorBrowseView.xaml.cs:RefreshTrackingStates","message":"Refreshing card","data":{"opName":"\u89D2\u5CF0","newIsTracked":true},"hypothesisId":"B","runId":"post-fix"}
{"sessionId":"0aa719","timestamp":1774834844220,"location":"OperatorBrowseView.xaml.cs:RefreshTrackingStates","message":"Refreshing card","data":{"opName":"\u60CA\u86F0","newIsTracked":true},"hypothesisId":"B","runId":"post-fix"}
{"sessionId":"0aa719","timestamp":1774834844220,"location":"OperatorBrowseView.xaml.cs:RefreshTrackingStates","message":"Refreshing card","data":{"opName":"\u6DF1\u5DE1","newIsTracked":true},"hypothesisId":"B","runId":"post-fix"}
{"sessionId":"0aa719","timestamp":1774834844220,"location":"OperatorBrowseView.xaml.cs:RefreshTrackingStates","message":"Refreshing card","data":{"opName":"\u523A\u73AB","newIsTracked":true},"hypothesisId":"B","runId":"post-fix"}
{"sessionId":"0aa719","timestamp":1774834844422,"location":"TrackingViewModel.cs:RemoveTracking","message":"RemoveTracking called","data":{"name":"\u827E\u4E1D\u9EDB\u5C14"},"hypothesisId":"B"}
{"sessionId":"0aa719","timestamp":1774834844423,"location":"OperatorBrowseView.xaml.cs:RefreshTrackingStates","message":"Refreshing card","data":{"opName":"\u9690\u73B0","newIsTracked":true},"hypothesisId":"B","runId":"post-fix"}
{"sessionId":"0aa719","timestamp":1774834844423,"location":"OperatorBrowseView.xaml.cs:RefreshTrackingStates","message":"Refreshing card","data":{"opName":"\u89D2\u5CF0","newIsTracked":true},"hypothesisId":"B","runId":"post-fix"}
{"sessionId":"0aa719","timestamp":1774834844424,"location":"OperatorBrowseView.xaml.cs:RefreshTrackingStates","message":"Refreshing card","data":{"opName":"\u60CA\u86F0","newIsTracked":true},"hypothesisId":"B","runId":"post-fix"}
{"sessionId":"0aa719","timestamp":1774834844424,"location":"OperatorBrowseView.xaml.cs:RefreshTrackingStates","message":"Refreshing card","data":{"opName":"\u6DF1\u5DE1","newIsTracked":true},"hypothesisId":"B","runId":"post-fix"}
{"sessionId":"0aa719","timestamp":1774834844424,"location":"OperatorBrowseView.xaml.cs:RefreshTrackingStates","message":"Refreshing card","data":{"opName":"\u523A\u73AB","newIsTracked":true},"hypothesisId":"B","runId":"post-fix"}
{"sessionId":"0aa719","timestamp":1774834844642,"location":"TrackingViewModel.cs:RemoveTracking","message":"RemoveTracking called","data":{"name":"\u666E\u7F57\u65FA\u65AF"},"hypothesisId":"B"}
{"sessionId":"0aa719","timestamp":1774834844643,"location":"OperatorBrowseView.xaml.cs:RefreshTrackingStates","message":"Refreshing card","data":{"opName":"\u9690\u73B0","newIsTracked":true},"hypothesisId":"B","runId":"post-fix"}
{"sessionId":"0aa719","timestamp":1774834844643,"location":"OperatorBrowseView.xaml.cs:RefreshTrackingStates","message":"Refreshing card","data":{"opName":"\u89D2\u5CF0","newIsTracked":true},"hypothesisId":"B","runId":"post-fix"}
{"sessionId":"0aa719","timestamp":1774834844643,"location":"OperatorBrowseView.xaml.cs:RefreshTrackingStates","message":"Refreshing card","data":{"opName":"\u60CA\u86F0","newIsTracked":true},"hypothesisId":"B","runId":"post-fix"}
{"sessionId":"0aa719","timestamp":1774834844643,"location":"OperatorBrowseView.xaml.cs:RefreshTrackingStates","message":"Refreshing card","data":{"opName":"\u6DF1\u5DE1","newIsTracked":true},"hypothesisId":"B","runId":"post-fix"}
{"sessionId":"0aa719","timestamp":1774834844644,"location":"OperatorBrowseView.xaml.cs:RefreshTrackingStates","message":"Refreshing card","data":{"opName":"\u523A\u73AB","newIsTracked":true},"hypothesisId":"B","runId":"post-fix"}
{"sessionId":"0aa719","timestamp":1774834844829,"location":"TrackingViewModel.cs:RemoveTracking","message":"RemoveTracking called","data":{"name":"\u5FB7\u514B\u8428\u65AF"},"hypothesisId":"B"}
{"sessionId":"0aa719","timestamp":1774834844829,"location":"OperatorBrowseView.xaml.cs:RefreshTrackingStates","message":"Refreshing card","data":{"opName":"\u9690\u73B0","newIsTracked":true},"hypothesisId":"B","runId":"post-fix"}
{"sessionId":"0aa719","timestamp":1774834844830,"location":"OperatorBrowseView.xaml.cs:RefreshTrackingStates","message":"Refreshing card","data":{"opName":"\u89D2\u5CF0","newIsTracked":true},"hypothesisId":"B","runId":"post-fix"}
{"sessionId":"0aa719","timestamp":1774834844830,"location":"OperatorBrowseView.xaml.cs:RefreshTrackingStates","message":"Refreshing card","data":{"opName":"\u60CA\u86F0","newIsTracked":true},"hypothesisId":"B","runId":"post-fix"}
{"sessionId":"0aa719","timestamp":1774834844830,"location":"OperatorBrowseView.xaml.cs:RefreshTrackingStates","message":"Refreshing card","data":{"opName":"\u6DF1\u5DE1","newIsTracked":true},"hypothesisId":"B","runId":"post-fix"}
{"sessionId":"0aa719","timestamp":1774834844831,"location":"OperatorBrowseView.xaml.cs:RefreshTrackingStates","message":"Refreshing card","data":{"opName":"\u523A\u73AB","newIsTracked":true},"hypothesisId":"B","runId":"post-fix"}
{"sessionId":"0aa719","timestamp":1774834845023,"location":"TrackingViewModel.cs:RemoveTracking","message":"RemoveTracking called","data":{"name":"\u7EA2\u8C46"},"hypothesisId":"B"}
{"sessionId":"0aa719","timestamp":1774834845024,"location":"OperatorBrowseView.xaml.cs:RefreshTrackingStates","message":"Refreshing card","data":{"opName":"\u9690\u73B0","newIsTracked":true},"hypothesisId":"B","runId":"post-fix"}
{"sessionId":"0aa719","timestamp":1774834845024,"location":"OperatorBrowseView.xaml.cs:RefreshTrackingStates","message":"Refreshing card","data":{"opName":"\u89D2\u5CF0","newIsTracked":true},"hypothesisId":"B","runId":"post-fix"}
{"sessionId":"0aa719","timestamp":1774834845025,"location":"OperatorBrowseView.xaml.cs:RefreshTrackingStates","message":"Refreshing card","data":{"opName":"\u60CA\u86F0","newIsTracked":true},"hypothesisId":"B","runId":"post-fix"}
{"sessionId":"0aa719","timestamp":1774834845025,"location":"OperatorBrowseView.xaml.cs:RefreshTrackingStates","message":"Refreshing card","data":{"opName":"\u6DF1\u5DE1","newIsTracked":true},"hypothesisId":"B","runId":"post-fix"}
{"sessionId":"0aa719","timestamp":1774834845025,"location":"OperatorBrowseView.xaml.cs:RefreshTrackingStates","message":"Refreshing card","data":{"opName":"\u523A\u73AB","newIsTracked":true},"hypothesisId":"B","runId":"post-fix"}
{"sessionId":"0aa719","timestamp":1774834845231,"location":"TrackingViewModel.cs:RemoveTracking","message":"RemoveTracking called","data":{"name":"\u89D2\u5CF0"},"hypothesisId":"B"}
{"sessionId":"0aa719","timestamp":1774834845232,"location":"OperatorBrowseView.xaml.cs:RefreshTrackingStates","message":"Refreshing card","data":{"opName":"\u9690\u73B0","newIsTracked":true},"hypothesisId":"B","runId":"post-fix"}
{"sessionId":"0aa719","timestamp":1774834845232,"location":"OperatorBrowseView.xaml.cs:RefreshTrackingStates","message":"Refreshing card","data":{"opName":"\u89D2\u5CF0","newIsTracked":false},"hypothesisId":"B","runId":"post-fix"}
{"sessionId":"0aa719","timestamp":1774834845232,"location":"OperatorBrowseView.xaml.cs:RefreshTrackingStates","message":"Refreshing card","data":{"opName":"\u60CA\u86F0","newIsTracked":true},"hypothesisId":"B","runId":"post-fix"}
{"sessionId":"0aa719","timestamp":1774834845233,"location":"OperatorBrowseView.xaml.cs:RefreshTrackingStates","message":"Refreshing card","data":{"opName":"\u6DF1\u5DE1","newIsTracked":true},"hypothesisId":"B","runId":"post-fix"}
{"sessionId":"0aa719","timestamp":1774834845234,"location":"OperatorBrowseView.xaml.cs:RefreshTrackingStates","message":"Refreshing card","data":{"opName":"\u523A\u73AB","newIsTracked":true},"hypothesisId":"B","runId":"post-fix"}
{"sessionId":"0aa719","timestamp":1774834845433,"location":"TrackingViewModel.cs:RemoveTracking","message":"RemoveTracking called","data":{"name":"\u9690\u73B0"},"hypothesisId":"B"}
{"sessionId":"0aa719","timestamp":1774834845433,"location":"OperatorBrowseView.xaml.cs:RefreshTrackingStates","message":"Refreshing card","data":{"opName":"\u9690\u73B0","newIsTracked":false},"hypothesisId":"B","runId":"post-fix"}
{"sessionId":"0aa719","timestamp":1774834845434,"location":"OperatorBrowseView.xaml.cs:RefreshTrackingStates","message":"Refreshing card","data":{"opName":"\u89D2\u5CF0","newIsTracked":false},"hypothesisId":"B","runId":"post-fix"}
{"sessionId":"0aa719","timestamp":1774834845434,"location":"OperatorBrowseView.xaml.cs:RefreshTrackingStates","message":"Refreshing card","data":{"opName":"\u60CA\u86F0","newIsTracked":true},"hypothesisId":"B","runId":"post-fix"}
{"sessionId":"0aa719","timestamp":1774834845434,"location":"OperatorBrowseView.xaml.cs:RefreshTrackingStates","message":"Refreshing card","data":{"opName":"\u6DF1\u5DE1","newIsTracked":true},"hypothesisId":"B","runId":"post-fix"}
{"sessionId":"0aa719","timestamp":1774834845434,"location":"OperatorBrowseView.xaml.cs:RefreshTrackingStates","message":"Refreshing card","data":{"opName":"\u523A\u73AB","newIsTracked":true},"hypothesisId":"B","runId":"post-fix"}
{"sessionId":"0aa719","timestamp":1774834845651,"location":"TrackingViewModel.cs:RemoveTracking","message":"RemoveTracking called","data":{"name":"\u60CA\u86F0"},"hypothesisId":"B"}
{"sessionId":"0aa719","timestamp":1774834845652,"location":"OperatorBrowseView.xaml.cs:RefreshTrackingStates","message":"Refreshing card","data":{"opName":"\u9690\u73B0","newIsTracked":false},"hypothesisId":"B","runId":"post-fix"}
{"sessionId":"0aa719","timestamp":1774834845653,"location":"OperatorBrowseView.xaml.cs:RefreshTrackingStates","message":"Refreshing card","data":{"opName":"\u89D2\u5CF0","newIsTracked":false},"hypothesisId":"B","runId":"post-fix"}
{"sessionId":"0aa719","timestamp":1774834845653,"location":"OperatorBrowseView.xaml.cs:RefreshTrackingStates","message":"Refreshing card","data":{"opName":"\u60CA\u86F0","newIsTracked":false},"hypothesisId":"B","runId":"post-fix"}
{"sessionId":"0aa719","timestamp":1774834845653,"location":"OperatorBrowseView.xaml.cs:RefreshTrackingStates","message":"Refreshing card","data":{"opName":"\u6DF1\u5DE1","newIsTracked":true},"hypothesisId":"B","runId":"post-fix"}
{"sessionId":"0aa719","timestamp":1774834845653,"location":"OperatorBrowseView.xaml.cs:RefreshTrackingStates","message":"Refreshing card","data":{"opName":"\u523A\u73AB","newIsTracked":true},"hypothesisId":"B","runId":"post-fix"}
{"sessionId":"0aa719","timestamp":1774834845873,"location":"TrackingViewModel.cs:RemoveTracking","message":"RemoveTracking called","data":{"name":"\u523A\u73AB"},"hypothesisId":"B"}
{"sessionId":"0aa719","timestamp":1774834845874,"location":"OperatorBrowseView.xaml.cs:RefreshTrackingStates","message":"Refreshing card","data":{"opName":"\u9690\u73B0","newIsTracked":false},"hypothesisId":"B","runId":"post-fix"}
{"sessionId":"0aa719","timestamp":1774834845874,"location":"OperatorBrowseView.xaml.cs:RefreshTrackingStates","message":"Refreshing card","data":{"opName":"\u89D2\u5CF0","newIsTracked":false},"hypothesisId":"B","runId":"post-fix"}
{"sessionId":"0aa719","timestamp":1774834845874,"location":"OperatorBrowseView.xaml.cs:RefreshTrackingStates","message":"Refreshing card","data":{"opName":"\u60CA\u86F0","newIsTracked":false},"hypothesisId":"B","runId":"post-fix"}
{"sessionId":"0aa719","timestamp":1774834845875,"location":"OperatorBrowseView.xaml.cs:RefreshTrackingStates","message":"Refreshing card","data":{"opName":"\u6DF1\u5DE1","newIsTracked":true},"hypothesisId":"B","runId":"post-fix"}
{"sessionId":"0aa719","timestamp":1774834845875,"location":"OperatorBrowseView.xaml.cs:RefreshTrackingStates","message":"Refreshing card","data":{"opName":"\u523A\u73AB","newIsTracked":false},"hypothesisId":"B","runId":"post-fix"}
{"sessionId":"0aa719","timestamp":1774834846096,"location":"TrackingViewModel.cs:RemoveTracking","message":"RemoveTracking called","data":{"name":"\u6DF1\u5DE1"},"hypothesisId":"B"}
{"sessionId":"0aa719","timestamp":1774834846097,"location":"OperatorBrowseView.xaml.cs:RefreshTrackingStates","message":"Refreshing card","data":{"opName":"\u9690\u73B0","newIsTracked":false},"hypothesisId":"B","runId":"post-fix"}
{"sessionId":"0aa719","timestamp":1774834846097,"location":"OperatorBrowseView.xaml.cs:RefreshTrackingStates","message":"Refreshing card","data":{"opName":"\u89D2\u5CF0","newIsTracked":false},"hypothesisId":"B","runId":"post-fix"}
{"sessionId":"0aa719","timestamp":1774834846097,"location":"OperatorBrowseView.xaml.cs:RefreshTrackingStates","message":"Refreshing card","data":{"opName":"\u60CA\u86F0","newIsTracked":false},"hypothesisId":"B","runId":"post-fix"}
{"sessionId":"0aa719","timestamp":1774834846098,"location":"OperatorBrowseView.xaml.cs:RefreshTrackingStates","message":"Refreshing card","data":{"opName":"\u6DF1\u5DE1","newIsTracked":false},"hypothesisId":"B","runId":"post-fix"}
{"sessionId":"0aa719","timestamp":1774834846098,"location":"OperatorBrowseView.xaml.cs:RefreshTrackingStates","message":"Refreshing card","data":{"opName":"\u523A\u73AB","newIsTracked":false},"hypothesisId":"B","runId":"post-fix"}
{"sessionId":"0aa719","timestamp":1774834846333,"location":"TrackingViewModel.cs:RemoveTracking","message":"RemoveTracking called","data":{"name":"\u53E4\u7C73"},"hypothesisId":"B"}
{"sessionId":"0aa719","timestamp":1774834846334,"location":"OperatorBrowseView.xaml.cs:RefreshTrackingStates","message":"Refreshing card","data":{"opName":"\u9690\u73B0","newIsTracked":false},"hypothesisId":"B","runId":"post-fix"}
{"sessionId":"0aa719","timestamp":1774834846334,"location":"OperatorBrowseView.xaml.cs:RefreshTrackingStates","message":"Refreshing card","data":{"opName":"\u89D2\u5CF0","newIsTracked":false},"hypothesisId":"B","runId":"post-fix"}
{"sessionId":"0aa719","timestamp":1774834846334,"location":"OperatorBrowseView.xaml.cs:RefreshTrackingStates","message":"Refreshing card","data":{"opName":"\u60CA\u86F0","newIsTracked":false},"hypothesisId":"B","runId":"post-fix"}
{"sessionId":"0aa719","timestamp":1774834846335,"location":"OperatorBrowseView.xaml.cs:RefreshTrackingStates","message":"Refreshing card","data":{"opName":"\u6DF1\u5DE1","newIsTracked":false},"hypothesisId":"B","runId":"post-fix"}
{"sessionId":"0aa719","timestamp":1774834846335,"location":"OperatorBrowseView.xaml.cs:RefreshTrackingStates","message":"Refreshing card","data":{"opName":"\u523A\u73AB","newIsTracked":false},"hypothesisId":"B","runId":"post-fix"}
{"sessionId":"0aa719","timestamp":1774834846567,"location":"TrackingViewModel.cs:RemoveTracking","message":"RemoveTracking called","data":{"name":"\u6CE2\u767B\u53EF"},"hypothesisId":"B"}
{"sessionId":"0aa719","timestamp":1774834846567,"location":"OperatorBrowseView.xaml.cs:RefreshTrackingStates","message":"Refreshing card","data":{"opName":"\u9690\u73B0","newIsTracked":false},"hypothesisId":"B","runId":"post-fix"}
{"sessionId":"0aa719","timestamp":1774834846568,"location":"OperatorBrowseView.xaml.cs:RefreshTrackingStates","message":"Refreshing card","data":{"opName":"\u89D2\u5CF0","newIsTracked":false},"hypothesisId":"B","runId":"post-fix"}
{"sessionId":"0aa719","timestamp":1774834846568,"location":"OperatorBrowseView.xaml.cs:RefreshTrackingStates","message":"Refreshing card","data":{"opName":"\u60CA\u86F0","newIsTracked":false},"hypothesisId":"B","runId":"post-fix"}
{"sessionId":"0aa719","timestamp":1774834846568,"location":"OperatorBrowseView.xaml.cs:RefreshTrackingStates","message":"Refreshing card","data":{"opName":"\u6DF1\u5DE1","newIsTracked":false},"hypothesisId":"B","runId":"post-fix"}
{"sessionId":"0aa719","timestamp":1774834846569,"location":"OperatorBrowseView.xaml.cs:RefreshTrackingStates","message":"Refreshing card","data":{"opName":"\u523A\u73AB","newIsTracked":false},"hypothesisId":"B","runId":"post-fix"}
{"sessionId":"0aa719","timestamp":1774834846809,"location":"TrackingViewModel.cs:RemoveTracking","message":"RemoveTracking called","data":{"name":"\u683C\u96F7\u4F0A"},"hypothesisId":"B"}
{"sessionId":"0aa719","timestamp":1774834846809,"location":"OperatorBrowseView.xaml.cs:RefreshTrackingStates","message":"Refreshing card","data":{"opName":"\u9690\u73B0","newIsTracked":false},"hypothesisId":"B","runId":"post-fix"}
{"sessionId":"0aa719","timestamp":1774834846810,"location":"OperatorBrowseView.xaml.cs:RefreshTrackingStates","message":"Refreshing card","data":{"opName":"\u89D2\u5CF0","newIsTracked":false},"hypothesisId":"B","runId":"post-fix"}
{"sessionId":"0aa719","timestamp":1774834846810,"location":"OperatorBrowseView.xaml.cs:RefreshTrackingStates","message":"Refreshing card","data":{"opName":"\u60CA\u86F0","newIsTracked":false},"hypothesisId":"B","runId":"post-fix"}
{"sessionId":"0aa719","timestamp":1774834846811,"location":"OperatorBrowseView.xaml.cs:RefreshTrackingStates","message":"Refreshing card","data":{"opName":"\u6DF1\u5DE1","newIsTracked":false},"hypothesisId":"B","runId":"post-fix"}
{"sessionId":"0aa719","timestamp":1774834846811,"location":"OperatorBrowseView.xaml.cs:RefreshTrackingStates","message":"Refreshing card","data":{"opName":"\u523A\u73AB","newIsTracked":false},"hypothesisId":"B","runId":"post-fix"}
{"sessionId":"0aa719","timestamp":1774834847037,"location":"TrackingViewModel.cs:RemoveTracking","message":"RemoveTracking called","data":{"name":"\u5BB4"},"hypothesisId":"B"}
{"sessionId":"0aa719","timestamp":1774834847038,"location":"OperatorBrowseView.xaml.cs:RefreshTrackingStates","message":"Refreshing card","data":{"opName":"\u9690\u73B0","newIsTracked":false},"hypothesisId":"B","runId":"post-fix"}
{"sessionId":"0aa719","timestamp":1774834847038,"location":"OperatorBrowseView.xaml.cs:RefreshTrackingStates","message":"Refreshing card","data":{"opName":"\u89D2\u5CF0","newIsTracked":false},"hypothesisId":"B","runId":"post-fix"}
{"sessionId":"0aa719","timestamp":1774834847038,"location":"OperatorBrowseView.xaml.cs:RefreshTrackingStates","message":"Refreshing card","data":{"opName":"\u60CA\u86F0","newIsTracked":false},"hypothesisId":"B","runId":"post-fix"}
{"sessionId":"0aa719","timestamp":1774834847038,"location":"OperatorBrowseView.xaml.cs:RefreshTrackingStates","message":"Refreshing card","data":{"opName":"\u6DF1\u5DE1","newIsTracked":false},"hypothesisId":"B","runId":"post-fix"}
{"sessionId":"0aa719","timestamp":1774834847039,"location":"OperatorBrowseView.xaml.cs:RefreshTrackingStates","message":"Refreshing card","data":{"opName":"\u523A\u73AB","newIsTracked":false},"hypothesisId":"B","runId":"post-fix"}
{"sessionId":"0aa719","timestamp":1774834847284,"location":"TrackingViewModel.cs:RemoveTracking","message":"RemoveTracking called","data":{"name":"\u96F7\u86C7"},"hypothesisId":"B"}
{"sessionId":"0aa719","timestamp":1774834847284,"location":"OperatorBrowseView.xaml.cs:RefreshTrackingStates","message":"Refreshing card","data":{"opName":"\u9690\u73B0","newIsTracked":false},"hypothesisId":"B","runId":"post-fix"}
{"sessionId":"0aa719","timestamp":1774834847285,"location":"OperatorBrowseView.xaml.cs:RefreshTrackingStates","message":"Refreshing card","data":{"opName":"\u89D2\u5CF0","newIsTracked":false},"hypothesisId":"B","runId":"post-fix"}
{"sessionId":"0aa719","timestamp":1774834847285,"location":"OperatorBrowseView.xaml.cs:RefreshTrackingStates","message":"Refreshing card","data":{"opName":"\u60CA\u86F0","newIsTracked":false},"hypothesisId":"B","runId":"post-fix"}
{"sessionId":"0aa719","timestamp":1774834847285,"location":"OperatorBrowseView.xaml.cs:RefreshTrackingStates","message":"Refreshing card","data":{"opName":"\u6DF1\u5DE1","newIsTracked":false},"hypothesisId":"B","runId":"post-fix"}
{"sessionId":"0aa719","timestamp":1774834847286,"location":"OperatorBrowseView.xaml.cs:RefreshTrackingStates","message":"Refreshing card","data":{"opName":"\u523A\u73AB","newIsTracked":false},"hypothesisId":"B","runId":"post-fix"}
{"sessionId":"0aa719","timestamp":1774834847573,"location":"TrackingViewModel.cs:RemoveTracking","message":"RemoveTracking called","data":{"name":"\u9001\u846C\u4EBA"},"hypothesisId":"B"}
{"sessionId":"0aa719","timestamp":1774834847574,"location":"OperatorBrowseView.xaml.cs:RefreshTrackingStates","message":"Refreshing card","data":{"opName":"\u9690\u73B0","newIsTracked":false},"hypothesisId":"B","runId":"post-fix"}
{"sessionId":"0aa719","timestamp":1774834847574,"location":"OperatorBrowseView.xaml.cs:RefreshTrackingStates","message":"Refreshing card","data":{"opName":"\u89D2\u5CF0","newIsTracked":false},"hypothesisId":"B","runId":"post-fix"}
{"sessionId":"0aa719","timestamp":1774834847575,"location":"OperatorBrowseView.xaml.cs:RefreshTrackingStates","message":"Refreshing card","data":{"opName":"\u60CA\u86F0","newIsTracked":false},"hypothesisId":"B","runId":"post-fix"}
{"sessionId":"0aa719","timestamp":1774834847575,"location":"OperatorBrowseView.xaml.cs:RefreshTrackingStates","message":"Refreshing card","data":{"opName":"\u6DF1\u5DE1","newIsTracked":false},"hypothesisId":"B","runId":"post-fix"}
{"sessionId":"0aa719","timestamp":1774834847576,"location":"OperatorBrowseView.xaml.cs:RefreshTrackingStates","message":"Refreshing card","data":{"opName":"\u523A\u73AB","newIsTracked":false},"hypothesisId":"B","runId":"post-fix"}
{"sessionId":"0aa719","timestamp":1774834848497,"location":"TrackingViewModel.cs:RemoveTracking","message":"RemoveTracking called","data":{"name":"\u7EF4\u5F0F\u91CD\u9524"},"hypothesisId":"B"}
{"sessionId":"0aa719","timestamp":1774834848498,"location":"OperatorBrowseView.xaml.cs:RefreshTrackingStates","message":"Refreshing card","data":{"opName":"\u9690\u73B0","newIsTracked":false},"hypothesisId":"B","runId":"post-fix"}
{"sessionId":"0aa719","timestamp":1774834848498,"location":"OperatorBrowseView.xaml.cs:RefreshTrackingStates","message":"Refreshing card","data":{"opName":"\u89D2\u5CF0","newIsTracked":false},"hypothesisId":"B","runId":"post-fix"}
{"sessionId":"0aa719","timestamp":1774834848499,"location":"OperatorBrowseView.xaml.cs:RefreshTrackingStates","message":"Refreshing card","data":{"opName":"\u60CA\u86F0","newIsTracked":false},"hypothesisId":"B","runId":"post-fix"}
{"sessionId":"0aa719","timestamp":1774834848499,"location":"OperatorBrowseView.xaml.cs:RefreshTrackingStates","message":"Refreshing card","data":{"opName":"\u6DF1\u5DE1","newIsTracked":false},"hypothesisId":"B","runId":"post-fix"}
{"sessionId":"0aa719","timestamp":1774834848501,"location":"OperatorBrowseView.xaml.cs:RefreshTrackingStates","message":"Refreshing card","data":{"opName":"\u523A\u73AB","newIsTracked":false},"hypothesisId":"B","runId":"post-fix"}
{"sessionId":"0aa719","timestamp":1774834858138,"location":"OperatorCard.xaml.cs:OnTrackClick","message":"Track button clicked, local IsTracked toggled","data":{"opName":"\u9690\u73B0","newIsTracked":true},"hypothesisId":"A"}
{"sessionId":"0aa719","timestamp":1774834858147,"location":"OperatorBrowseView.xaml.cs:OnOperatorTrackingToggled","message":"TrackingToggled fired","data":{"opName":"\u9690\u73B0","cardIsTracked":true,"action":"AddTracking"},"hypothesisId":"A","runId":"post-fix"}
{"sessionId":"0aa719","timestamp":1774834858149,"location":"TrackingViewModel.cs:AddTracking","message":"AddTracking called","data":{"name":"\u9690\u73B0","alreadyTracked":false},"hypothesisId":"A"}
{"sessionId":"0aa719","timestamp":1774834858152,"location":"OperatorBrowseView.xaml.cs:RefreshTrackingStates","message":"Refreshing card","data":{"opName":"\u9690\u73B0","newIsTracked":true},"hypothesisId":"B","runId":"post-fix"}
{"sessionId":"0aa719","timestamp":1774834858152,"location":"OperatorBrowseView.xaml.cs:RefreshTrackingStates","message":"Refreshing card","data":{"opName":"\u89D2\u5CF0","newIsTracked":false},"hypothesisId":"B","runId":"post-fix"}
{"sessionId":"0aa719","timestamp":1774834858153,"location":"OperatorBrowseView.xaml.cs:RefreshTrackingStates","message":"Refreshing card","data":{"opName":"\u60CA\u86F0","newIsTracked":false},"hypothesisId":"B","runId":"post-fix"}
{"sessionId":"0aa719","timestamp":1774834858153,"location":"OperatorBrowseView.xaml.cs:RefreshTrackingStates","message":"Refreshing card","data":{"opName":"\u6DF1\u5DE1","newIsTracked":false},"hypothesisId":"B","runId":"post-fix"}
{"sessionId":"0aa719","timestamp":1774834858153,"location":"OperatorBrowseView.xaml.cs:RefreshTrackingStates","message":"Refreshing card","data":{"opName":"\u523A\u73AB","newIsTracked":false},"hypothesisId":"B","runId":"post-fix"}
{"sessionId":"0aa719","timestamp":1774834858154,"location":"OperatorBrowseView.xaml.cs:RefreshTrackingStates","message":"Refreshing card","data":{"opName":"\u666E\u7F57\u65FA\u65AF","newIsTracked":false},"hypothesisId":"B","runId":"post-fix"}
{"sessionId":"0aa719","timestamp":1774834858154,"location":"OperatorBrowseView.xaml.cs:RefreshTrackingStates","message":"Refreshing card","data":{"opName":"\u5FB7\u514B\u8428\u65AF","newIsTracked":false},"hypothesisId":"B","runId":"post-fix"}
{"sessionId":"0aa719","timestamp":1774834867502,"location":"OperatorCard.xaml.cs:OnTrackClick","message":"Track button clicked, local IsTracked toggled","data":{"opName":"\u9690\u73B0","newIsTracked":false},"hypothesisId":"A"}
{"sessionId":"0aa719","timestamp":1774834867503,"location":"OperatorBrowseView.xaml.cs:OnOperatorTrackingToggled","message":"TrackingToggled fired","data":{"opName":"\u9690\u73B0","cardIsTracked":false,"action":"RemoveTracking"},"hypothesisId":"A","runId":"post-fix"}
{"sessionId":"0aa719","timestamp":1774834867503,"location":"TrackingViewModel.cs:RemoveTracking","message":"RemoveTracking called","data":{"name":"\u9690\u73B0"},"hypothesisId":"B"}
{"sessionId":"0aa719","timestamp":1774834867505,"location":"OperatorBrowseView.xaml.cs:RefreshTrackingStates","message":"Refreshing card","data":{"opName":"\u9690\u73B0","newIsTracked":false},"hypothesisId":"B","runId":"post-fix"}
{"sessionId":"0aa719","timestamp":1774834867505,"location":"OperatorBrowseView.xaml.cs:RefreshTrackingStates","message":"Refreshing card","data":{"opName":"\u89D2\u5CF0","newIsTracked":false},"hypothesisId":"B","runId":"post-fix"}
{"sessionId":"0aa719","timestamp":1774834867506,"location":"OperatorBrowseView.xaml.cs:RefreshTrackingStates","message":"Refreshing card","data":{"opName":"\u60CA\u86F0","newIsTracked":false},"hypothesisId":"B","runId":"post-fix"}
{"sessionId":"0aa719","timestamp":1774834867506,"location":"OperatorBrowseView.xaml.cs:RefreshTrackingStates","message":"Refreshing card","data":{"opName":"\u6DF1\u5DE1","newIsTracked":false},"hypothesisId":"B","runId":"post-fix"}
{"sessionId":"0aa719","timestamp":1774834867506,"location":"OperatorBrowseView.xaml.cs:RefreshTrackingStates","message":"Refreshing card","data":{"opName":"\u523A\u73AB","newIsTracked":false},"hypothesisId":"B","runId":"post-fix"}
{"sessionId":"0aa719","timestamp":1774834879430,"location":"OperatorCard.xaml.cs:OnTrackClick","message":"Track button clicked, local IsTracked toggled","data":{"opName":"\u9690\u73B0","newIsTracked":true},"hypothesisId":"A"}
{"sessionId":"0aa719","timestamp":1774834879431,"location":"OperatorBrowseView.xaml.cs:OnOperatorTrackingToggled","message":"TrackingToggled fired","data":{"opName":"\u9690\u73B0","cardIsTracked":true,"action":"AddTracking"},"hypothesisId":"A","runId":"post-fix"}
{"sessionId":"0aa719","timestamp":1774834879431,"location":"TrackingViewModel.cs:AddTracking","message":"AddTracking called","data":{"name":"\u9690\u73B0","alreadyTracked":false},"hypothesisId":"A"}
{"sessionId":"0aa719","timestamp":1774834879432,"location":"OperatorBrowseView.xaml.cs:RefreshTrackingStates","message":"Refreshing card","data":{"opName":"\u9690\u73B0","newIsTracked":true},"hypothesisId":"B","runId":"post-fix"}
{"sessionId":"0aa719","timestamp":1774834879433,"location":"OperatorBrowseView.xaml.cs:RefreshTrackingStates","message":"Refreshing card","data":{"opName":"\u89D2\u5CF0","newIsTracked":false},"hypothesisId":"B","runId":"post-fix"}
{"sessionId":"0aa719","timestamp":1774834879433,"location":"OperatorBrowseView.xaml.cs:RefreshTrackingStates","message":"Refreshing card","data":{"opName":"\u60CA\u86F0","newIsTracked":false},"hypothesisId":"B","runId":"post-fix"}
{"sessionId":"0aa719","timestamp":1774834879434,"location":"OperatorBrowseView.xaml.cs:RefreshTrackingStates","message":"Refreshing card","data":{"opName":"\u6DF1\u5DE1","newIsTracked":false},"hypothesisId":"B","runId":"post-fix"}
{"sessionId":"0aa719","timestamp":1774834879435,"location":"OperatorBrowseView.xaml.cs:RefreshTrackingStates","message":"Refreshing card","data":{"opName":"\u523A\u73AB","newIsTracked":false},"hypothesisId":"B","runId":"post-fix"}
{"sessionId":"0aa719","timestamp":1774834881228,"location":"TrackingViewModel.cs:RemoveTracking","message":"RemoveTracking called","data":{"name":"\u9690\u73B0"},"hypothesisId":"B"}
{"sessionId":"0aa719","timestamp":1774834881229,"location":"OperatorBrowseView.xaml.cs:RefreshTrackingStates","message":"Refreshing card","data":{"opName":"\u9690\u73B0","newIsTracked":false},"hypothesisId":"B","runId":"post-fix"}
{"sessionId":"0aa719","timestamp":1774834881229,"location":"OperatorBrowseView.xaml.cs:RefreshTrackingStates","message":"Refreshing card","data":{"opName":"\u89D2\u5CF0","newIsTracked":false},"hypothesisId":"B","runId":"post-fix"}
{"sessionId":"0aa719","timestamp":1774834881230,"location":"OperatorBrowseView.xaml.cs:RefreshTrackingStates","message":"Refreshing card","data":{"opName":"\u60CA\u86F0","newIsTracked":false},"hypothesisId":"B","runId":"post-fix"}
{"sessionId":"0aa719","timestamp":1774834881230,"location":"OperatorBrowseView.xaml.cs:RefreshTrackingStates","message":"Refreshing card","data":{"opName":"\u6DF1\u5DE1","newIsTracked":false},"hypothesisId":"B","runId":"post-fix"}
{"sessionId":"0aa719","timestamp":1774834881230,"location":"OperatorBrowseView.xaml.cs:RefreshTrackingStates","message":"Refreshing card","data":{"opName":"\u523A\u73AB","newIsTracked":false},"hypothesisId":"B","runId":"post-fix"}
{"sessionId":"0aa719","timestamp":1774834884486,"location":"OperatorCard.xaml.cs:OnTrackClick","message":"Track button clicked, local IsTracked toggled","data":{"opName":"\u89D2\u5CF0","newIsTracked":true},"hypothesisId":"A"}
{"sessionId":"0aa719","timestamp":1774834884487,"location":"OperatorBrowseView.xaml.cs:OnOperatorTrackingToggled","message":"TrackingToggled fired","data":{"opName":"\u89D2\u5CF0","cardIsTracked":true,"action":"AddTracking"},"hypothesisId":"A","runId":"post-fix"}
{"sessionId":"0aa719","timestamp":1774834884487,"location":"TrackingViewModel.cs:AddTracking","message":"AddTracking called","data":{"name":"\u89D2\u5CF0","alreadyTracked":false},"hypothesisId":"A"}
{"sessionId":"0aa719","timestamp":1774834884488,"location":"OperatorBrowseView.xaml.cs:RefreshTrackingStates","message":"Refreshing card","data":{"opName":"\u9690\u73B0","newIsTracked":false},"hypothesisId":"B","runId":"post-fix"}
{"sessionId":"0aa719","timestamp":1774834884488,"location":"OperatorBrowseView.xaml.cs:RefreshTrackingStates","message":"Refreshing card","data":{"opName":"\u89D2\u5CF0","newIsTracked":true},"hypothesisId":"B","runId":"post-fix"}
{"sessionId":"0aa719","timestamp":1774834884488,"location":"OperatorBrowseView.xaml.cs:RefreshTrackingStates","message":"Refreshing card","data":{"opName":"\u60CA\u86F0","newIsTracked":false},"hypothesisId":"B","runId":"post-fix"}
{"sessionId":"0aa719","timestamp":1774834884489,"location":"OperatorBrowseView.xaml.cs:RefreshTrackingStates","message":"Refreshing card","data":{"opName":"\u6DF1\u5DE1","newIsTracked":false},"hypothesisId":"B","runId":"post-fix"}
{"sessionId":"0aa719","timestamp":1774834884489,"location":"OperatorBrowseView.xaml.cs:RefreshTrackingStates","message":"Refreshing card","data":{"opName":"\u523A\u73AB","newIsTracked":false},"hypothesisId":"B","runId":"post-fix"}
{"sessionId":"0aa719","timestamp":1774834885226,"location":"OperatorCard.xaml.cs:OnTrackClick","message":"Track button clicked, local IsTracked toggled","data":{"opName":"\u9690\u73B0","newIsTracked":true},"hypothesisId":"A"}
{"sessionId":"0aa719","timestamp":1774834885227,"location":"OperatorBrowseView.xaml.cs:OnOperatorTrackingToggled","message":"TrackingToggled fired","data":{"opName":"\u9690\u73B0","cardIsTracked":true,"action":"AddTracking"},"hypothesisId":"A","runId":"post-fix"}
{"sessionId":"0aa719","timestamp":1774834885227,"location":"TrackingViewModel.cs:AddTracking","message":"AddTracking called","data":{"name":"\u9690\u73B0","alreadyTracked":false},"hypothesisId":"A"}
{"sessionId":"0aa719","timestamp":1774834885228,"location":"OperatorBrowseView.xaml.cs:RefreshTrackingStates","message":"Refreshing card","data":{"opName":"\u9690\u73B0","newIsTracked":true},"hypothesisId":"B","runId":"post-fix"}
{"sessionId":"0aa719","timestamp":1774834885228,"location":"OperatorBrowseView.xaml.cs:RefreshTrackingStates","message":"Refreshing card","data":{"opName":"\u89D2\u5CF0","newIsTracked":true},"hypothesisId":"B","runId":"post-fix"}
{"sessionId":"0aa719","timestamp":1774834885229,"location":"OperatorBrowseView.xaml.cs:RefreshTrackingStates","message":"Refreshing card","data":{"opName":"\u60CA\u86F0","newIsTracked":false},"hypothesisId":"B","runId":"post-fix"}
{"sessionId":"0aa719","timestamp":1774834885229,"location":"OperatorBrowseView.xaml.cs:RefreshTrackingStates","message":"Refreshing card","data":{"opName":"\u6DF1\u5DE1","newIsTracked":false},"hypothesisId":"B","runId":"post-fix"}
{"sessionId":"0aa719","timestamp":1774834885230,"location":"OperatorBrowseView.xaml.cs:RefreshTrackingStates","message":"Refreshing card","data":{"opName":"\u523A\u73AB","newIsTracked":false},"hypothesisId":"B","runId":"post-fix"}
{"sessionId":"0aa719","timestamp":1774834886818,"location":"TrackingViewModel.cs:RemoveTracking","message":"RemoveTracking called","data":{"name":"\u89D2\u5CF0"},"hypothesisId":"B"}
{"sessionId":"0aa719","timestamp":1774834886819,"location":"OperatorBrowseView.xaml.cs:RefreshTrackingStates","message":"Refreshing card","data":{"opName":"\u9690\u73B0","newIsTracked":true},"hypothesisId":"B","runId":"post-fix"}
{"sessionId":"0aa719","timestamp":1774834886819,"location":"OperatorBrowseView.xaml.cs:RefreshTrackingStates","message":"Refreshing card","data":{"opName":"\u89D2\u5CF0","newIsTracked":false},"hypothesisId":"B","runId":"post-fix"}
{"sessionId":"0aa719","timestamp":1774834886819,"location":"OperatorBrowseView.xaml.cs:RefreshTrackingStates","message":"Refreshing card","data":{"opName":"\u60CA\u86F0","newIsTracked":false},"hypothesisId":"B","runId":"post-fix"}
{"sessionId":"0aa719","timestamp":1774834886820,"location":"OperatorBrowseView.xaml.cs:RefreshTrackingStates","message":"Refreshing card","data":{"opName":"\u6DF1\u5DE1","newIsTracked":false},"hypothesisId":"B","runId":"post-fix"}
{"sessionId":"0aa719","timestamp":1774834886820,"location":"OperatorBrowseView.xaml.cs:RefreshTrackingStates","message":"Refreshing card","data":{"opName":"\u523A\u73AB","newIsTracked":false},"hypothesisId":"B","runId":"post-fix"}
{"sessionId":"0aa719","timestamp":1774834971835,"location":"OperatorCard.xaml.cs:OnTrackClick","message":"Track button clicked, local IsTracked toggled","data":{"opName":"\u5BB4","newIsTracked":true},"hypothesisId":"A"}
{"sessionId":"0aa719","timestamp":1774834971841,"location":"OperatorBrowseView.xaml.cs:OnOperatorTrackingToggled","message":"TrackingToggled fired","data":{"opName":"\u5BB4","cardIsTracked":true,"action":"AddTracking"},"hypothesisId":"A","runId":"post-fix"}
{"sessionId":"0aa719","timestamp":1774834971842,"location":"TrackingViewModel.cs:AddTracking","message":"AddTracking called","data":{"name":"\u5BB4","alreadyTracked":false},"hypothesisId":"A"}
{"sessionId":"0aa719","timestamp":1774834971844,"location":"OperatorBrowseView.xaml.cs:RefreshTrackingStates","message":"Refreshing card","data":{"opName":"\u5BB4","newIsTracked":true},"hypothesisId":"B","runId":"post-fix"}
{"sessionId":"0aa719","timestamp":1774834971845,"location":"OperatorBrowseView.xaml.cs:RefreshTrackingStates","message":"Refreshing card","data":{"opName":"\u4F11\u8C1F\u65AF","newIsTracked":false},"hypothesisId":"B","runId":"post-fix"}
{"sessionId":"0aa719","timestamp":1774834971845,"location":"OperatorBrowseView.xaml.cs:RefreshTrackingStates","message":"Refreshing card","data":{"opName":"\u65AF\u5361\u8482","newIsTracked":false},"hypothesisId":"B","runId":"post-fix"}
{"sessionId":"0aa719","timestamp":1774834971845,"location":"OperatorBrowseView.xaml.cs:RefreshTrackingStates","message":"Refreshing card","data":{"opName":"\u7455\u5149","newIsTracked":false},"hypothesisId":"B","runId":"post-fix"}
{"sessionId":"0aa719","timestamp":1774834971846,"location":"OperatorBrowseView.xaml.cs:RefreshTrackingStates","message":"Refreshing card","data":{"opName":"\u4F0A\u5185\u4E1D","newIsTracked":false},"hypothesisId":"B","runId":"post-fix"}
{"sessionId":"0aa719","timestamp":1774834984334,"location":"OperatorCard.xaml.cs:OnTrackClick","message":"Track button clicked, local IsTracked toggled","data":{"opName":"\u523A\u73AB","newIsTracked":true},"hypothesisId":"A"}
{"sessionId":"0aa719","timestamp":1774834984335,"location":"OperatorBrowseView.xaml.cs:OnOperatorTrackingToggled","message":"TrackingToggled fired","data":{"opName":"\u523A\u73AB","cardIsTracked":true,"action":"AddTracking"},"hypothesisId":"A","runId":"post-fix"}
{"sessionId":"0aa719","timestamp":1774834984335,"location":"TrackingViewModel.cs:AddTracking","message":"AddTracking called","data":{"name":"\u523A\u73AB","alreadyTracked":false},"hypothesisId":"A"}
{"sessionId":"0aa719","timestamp":1774834984335,"location":"OperatorBrowseView.xaml.cs:RefreshTrackingStates","message":"Refreshing card","data":{"opName":"\u523A\u73AB","newIsTracked":true},"hypothesisId":"B","runId":"post-fix"}
{"sessionId":"0aa719","timestamp":1774834986978,"location":"OperatorCard.xaml.cs:OnTrackClick","message":"Track button clicked, local IsTracked toggled","data":{"opName":"\u523A\u73AB","newIsTracked":false},"hypothesisId":"A"}
{"sessionId":"0aa719","timestamp":1774834986979,"location":"OperatorBrowseView.xaml.cs:OnOperatorTrackingToggled","message":"TrackingToggled fired","data":{"opName":"\u523A\u73AB","cardIsTracked":false,"action":"RemoveTracking"},"hypothesisId":"A","runId":"post-fix"}
{"sessionId":"0aa719","timestamp":1774834986979,"location":"TrackingViewModel.cs:RemoveTracking","message":"RemoveTracking called","data":{"name":"\u523A\u73AB"},"hypothesisId":"B"}
{"sessionId":"0aa719","timestamp":1774834986981,"location":"OperatorBrowseView.xaml.cs:RefreshTrackingStates","message":"Refreshing card","data":{"opName":"\u523A\u73AB","newIsTracked":false},"hypothesisId":"B","runId":"post-fix"}
{"sessionId":"0aa719","timestamp":1774834988689,"location":"OperatorCard.xaml.cs:OnTrackClick","message":"Track button clicked, local IsTracked toggled","data":{"opName":"\u523A\u73AB","newIsTracked":true},"hypothesisId":"A"}
{"sessionId":"0aa719","timestamp":1774834988689,"location":"OperatorBrowseView.xaml.cs:OnOperatorTrackingToggled","message":"TrackingToggled fired","data":{"opName":"\u523A\u73AB","cardIsTracked":true,"action":"AddTracking"},"hypothesisId":"A","runId":"post-fix"}
{"sessionId":"0aa719","timestamp":1774834988690,"location":"TrackingViewModel.cs:AddTracking","message":"AddTracking called","data":{"name":"\u523A\u73AB","alreadyTracked":false},"hypothesisId":"A"}
{"sessionId":"0aa719","timestamp":1774834988690,"location":"OperatorBrowseView.xaml.cs:RefreshTrackingStates","message":"Refreshing card","data":{"opName":"\u523A\u73AB","newIsTracked":true},"hypothesisId":"B","runId":"post-fix"}
